<?xml version="1.0" encoding="UTF-8"?>
<!-- Generated by org.testng.reporters.JUnitReportReporter -->
<testsuite hostname="DESKTOP-3UGTBIN" failures="0" tests="1" name="amazonflights_test.Test15_FlightBookingPayment" time="86.561" errors="0" timestamp="2024-09-23T20:03:31 IST" skipped="0">
  <testcase classname="amazonflights_test.Test15_FlightBookingPayment" name="payment_flightbooking" time="86.561"/>
  <system-out/>
</testsuite> <!-- amazonflights_test.Test15_FlightBookingPayment -->
