<?xml version="1.0" encoding="UTF-8"?>
<!-- Generated by org.testng.reporters.JUnitReportReporter -->
<testsuite hostname="DESKTOP-3UGTBIN" failures="0" tests="1" name="amazonflights_test.Test12_LogoutSite" time="63.502" errors="0" timestamp="2024-09-23T20:08:25 IST" skipped="0">
  <testcase classname="amazonflights_test.Test12_LogoutSite" name="logout_amazonflights" time="63.502"/>
  <system-out>
    <![CDATA[Test case is pass, check screenshot for better info]]>
  </system-out>
</testsuite> <!-- amazonflights_test.Test12_LogoutSite -->
