<?xml version="1.0" encoding="UTF-8"?>
<!-- Generated by org.testng.reporters.JUnitReportReporter -->
<testsuite hostname="DESKTOP-3UGTBIN" failures="0" tests="1" name="amazonflights_test.Test4_SearchOneWayFlights" time="35.445" errors="0" timestamp="2024-09-23T19:54:46 IST" skipped="0">
  <testcase classname="amazonflights_test.Test4_SearchOneWayFlights" name="searching_oneway_flights" time="35.445"/>
  <system-out>
    <![CDATA[Test case is pass, check screenshot for better info]]>
  </system-out>
</testsuite> <!-- amazonflights_test.Test4_SearchOneWayFlights -->
