<?xml version="1.0" encoding="UTF-8"?>
<!-- Generated by org.testng.reporters.JUnitReportReporter -->
<testsuite hostname="DESKTOP-3UGTBIN" failures="0" tests="1" name="amazonflights_test.Test10_Validatedetails_FightFareBaggageCanc" time="48.062" errors="0" timestamp="2024-09-23T20:04:56 IST" skipped="0">
  <testcase classname="amazonflights_test.Test10_Validatedetails_FightFareBaggageCanc" name="validating_various_details" time="48.062"/>
  <system-out/>
</testsuite> <!-- amazonflights_test.Test10_Validatedetails_FightFareBaggageCanc -->
