<?xml version="1.0" encoding="UTF-8"?>
<!-- Generated by org.testng.reporters.JUnitReportReporter -->
<testsuite hostname="DESKTOP-3UGTBIN" failures="0" tests="1" name="amazonflights_test.Test9_MultiplePassangersInSingleBooking" time="81.066" errors="0" timestamp="2024-09-23T21:05:44 IST" skipped="0">
  <testcase classname="amazonflights_test.Test9_MultiplePassangersInSingleBooking" name="handling_multiplepax_insinglebooking" time="81.066"/>
  <system-out>
    <![CDATA[Test case is pass, check screenshot for better info]]>
  </system-out>
</testsuite> <!-- amazonflights_test.Test9_MultiplePassangersInSingleBooking -->
