<?xml version="1.0" encoding="UTF-8"?>
<!-- Generated by org.testng.reporters.JUnitReportReporter -->
<testsuite hostname="DESKTOP-3UGTBIN" failures="0" tests="1" name="amazonflights_test.Test13_ApplyCouponCode" time="42.855" errors="0" timestamp="2024-09-24T06:22:24 IST" skipped="0">
  <testcase classname="amazonflights_test.Test13_ApplyCouponCode" name="apply_offercode" time="42.855">
    <system-out>
      <![CDATA[Test case is pass, check screenshot for better info]]>
    </system-out>
  </testcase> <!-- apply_offercode -->
  <system-out>
    <![CDATA[Test case is pass, check screenshot for better info
Test case is pass, check screenshot for better info
Test case is pass, check screenshot for better info
Test case is pass, check screenshot for better info
Test case is pass, check screenshot for better info
Test case is pass, check screenshot for better info
Test case is pass, check screenshot for better info
Test case is pass, check screenshot for better info
Test case is pass, check screenshot for better info
Test case is pass, check screenshot for better info
Test case is pass, check screenshot for better info
Test case is pass, check screenshot for better info]]>
  </system-out>
</testsuite> <!-- amazonflights_test.Test13_ApplyCouponCode -->
